<?xml version="1.0" encoding="UTF-8" ?>
<testsuites>
  <testsuite errors="0" failures="0" hostname="tffosx.ifn.private" id="0" name="using googles search api" package="" tests="6" time="2.127" timestamp="2014-01-03T21:54:50">
      <properties />

      <testcase classname="grails.plugin.cucumber.CucumberTest" name="query of multiple terms via googles api" time="0.298" />

      <system-out><![CDATA[Feature: using googles search api
  As a google user
  I want to search google via their api
  to validate the search result without a browser

--Output from query of a single term via googles search api--

--Output from query of a single term via googles search api--

  Scenario: query of a single term via googles search api # GoogleAPI_Search.feature:6
    Given I query google via their api                    # Google_Steps.groovy:8
    Then a result is returned                             # Google_Steps.groovy:13

  Scenario Outline: query of multiple terms via googles api # GoogleAPI_Search.feature:10
    Given I query google for "<query>"
    Then google will return a result with "<query>"

    Examples: 

--Output from query of multiple terms via googles api--

--Output from query of multiple terms via googles api--

  Scenario Outline: query of multiple terms via googles api # GoogleAPI_Search.feature:16
    Given I query google for "cucumber"                     # Google_Steps.groovy:19
    Then google will return a result with "cucumber"        # Google_Steps.groovy:24

--Output from query of multiple terms via googles api--

--Output from query of multiple terms via googles api--

  Scenario Outline: query of multiple terms via googles api # GoogleAPI_Search.feature:17
    Given I query google for "sloth"                        # Google_Steps.groovy:19
    Then google will return a result with "sloth"           # Google_Steps.groovy:24

--Output from query of multiple terms via googles api--

--Output from query of multiple terms via googles api--

  Scenario Outline: query of multiple terms via googles api # GoogleAPI_Search.feature:18
    Given I query google for "migraine"                     # Google_Steps.groovy:19
    Then google will return a result with "migraine"        # Google_Steps.groovy:24

--Output from query of multiple terms via googles api--

--Output from query of multiple terms via googles api--

  Scenario Outline: query of multiple terms via googles api # GoogleAPI_Search.feature:19
    Given I query google for "grails"                       # Google_Steps.groovy:19
    Then google will return a result with "grails"          # Google_Steps.groovy:24

--Output from query of multiple terms via googles api--

--Output from query of multiple terms via googles api--

  Scenario Outline: query of multiple terms via googles api # GoogleAPI_Search.feature:20
    Given I query google for "Brian Warner"                 # Google_Steps.groovy:19
    Then google will return a result with "Brian Warner"    # Google_Steps.groovy:24
]]></system-out>

      <system-err><![CDATA[]]></system-err>

  </testsuite>
</testsuites>
